Protocol=NEC Address=0x0 Command=0x5E Raw-Data=0xA15EFF00 32 bits LSB first

Send with: IrSender.sendNEC(0x0, 0x5E, <numberOfRepeats>);

Raw result in internal ticks (50 us) - with leading gap
rawData[68]: 
 -65535
 +179,-89
 +12,-10 +12,-11 +12,-10 +12,-10
 +12,-11 +12,-10 +12,-11 +11,-11
 +12,-33 +12,-33 +11,-33 +13,-32
 +12,-33 +12,-33 +12,-33 +12,-32
 +13,-10 +12,-33 +12,-32 +12,-33
 +12,-33 +12,-10 +13,-32 +12,-11
 +11,-33 +12,-11 +12,-10 +12,-11
 +11,-11 +12,-33 +12,-10 +12,-33
 +12
Sum: 1355
Raw result in microseconds - with leading gap
rawData[68]: 
 -3276750
 +8950,-4450
 + 600,- 500 + 600,- 550 + 600,- 500 + 600,- 500
 + 600,- 550 + 600,- 500 + 600,- 550 + 550,- 550
 + 600,-1650 + 600,-1650 + 550,-1650 + 650,-1600
 + 600,-1650 + 600,-1650 + 600,-1650 + 600,-1600
 + 650,- 500 + 600,-1650 + 600,-1600 + 600,-1650
 + 600,-1650 + 600,- 500 + 650,-1600 + 600,- 550
 + 550,-1650 + 600,- 550 + 600,- 500 + 600,- 550
 + 550,- 550 + 600,-1650 + 600,- 500 + 600,-1650
 + 600
Sum: 67750

Result as internal 8bit ticks (50 us) array - compensated with MARK_EXCESS_MICROS=20
uint8_t rawTicks[67] = {179,89, 12,10, 12,11, 12,10, 12,10, 12,11, 12,10, 12,11, 11,11, 12,33, 12,33, 11,33, 13,32, 12,33, 12,33, 12,33, 12,32, 13,10, 12,33, 12,32, 12,33, 12,33, 12,10, 13,32, 12,11, 11,33, 12,11, 12,10, 12,11, 11,11, 12,33, 12,10, 12,33, 12};  // Protocol=NEC Address=0x0 Command=0x5E Raw-Data=0xA15EFF00 32 bits LSB first

Result as microseconds array - compensated with MARK_EXCESS_MICROS=20
uint16_t rawData[67] = {8930,4470, 580,520, 580,570, 580,520, 580,520, 580,570, 580,520, 580,570, 530,570, 580,1670, 580,1670, 530,1670, 630,1620, 580,1670, 580,1670, 580,1670, 580,1620, 630,520, 580,1670, 580,1620, 580,1670, 580,1670, 580,520, 630,1620, 580,570, 530,1670, 580,570, 580,520, 580,570, 530,570, 580,1670, 580,520, 580,1670, 580};  // Protocol=NEC Address=0x0 Command=0x5E Raw-Data=0xA15EFF00 32 bits LSB first

uint16_t address = 0x0;
uint16_t command = 0x5E;
uint32_t rawData = 0xA15EFF00;

Pronto Hex as string
char prontoData[] = "0000 006D 0022 0000 0159 00AA 0018 0012 0018 0014 0018 0012 0018 0012 0018 0014 0018 0012 0018 0014 0016 0014 0018 003F 0018 003F 0016 003F 001A 003D 0018 003F 0018 003F 0018 003F 0018 003D 001A 0012 0018 003F 0018 003D 0018 003F 0018 003F 0018 0012 001A 003D 0018 0014 0016 003F 0018 0014 0018 0012 0018 0014 0016 0014 0018 003F 0018 0012 0018 003F 0018 06C3 ";