Protocol=NEC Address=0x0 Command=0x7 Raw-Data=0xF807FF00 32 bits LSB first

Send with: IrSender.sendNEC(0x0, 0x7, <numberOfRepeats>);

Raw result in internal ticks (50 us) - with leading gap
rawData[68]: 
 -65535
 +179,-88
 +13,-10 +12,-10 +12,-11 +12,-10
 +12,-10 +13,-10 +12,-10 +12,-11
 +11,-33 +13,-32 +12,-33 +12,-33
 +12,-33 +12,-33 +12,-32 +12,-33
 +12,-33 +12,-33 +12,-33 +11,-11
 +12,-10 +12,-11 +12,-10 +12,-11
 +11,-11 +12,-10 +12,-11 +11,-34
 +12,-32 +12,-33 +12,-33 +12,-33
 +11
Sum: 1354
Raw result in microseconds - with leading gap
rawData[68]: 
 -3276750
 +8950,-4400
 + 650,- 500 + 600,- 500 + 600,- 550 + 600,- 500
 + 600,- 500 + 650,- 500 + 600,- 500 + 600,- 550
 + 550,-1650 + 650,-1600 + 600,-1650 + 600,-1650
 + 600,-1650 + 600,-1650 + 600,-1600 + 600,-1650
 + 600,-1650 + 600,-1650 + 600,-1650 + 550,- 550
 + 600,- 500 + 600,- 550 + 600,- 500 + 600,- 550
 + 550,- 550 + 600,- 500 + 600,- 550 + 550,-1700
 + 600,-1600 + 600,-1650 + 600,-1650 + 600,-1650
 + 550
Sum: 67700

Result as internal 8bit ticks (50 us) array - compensated with MARK_EXCESS_MICROS=20
uint8_t rawTicks[67] = {179,88, 13,10, 12,10, 12,11, 12,10, 12,10, 13,10, 12,10, 12,11, 11,33, 13,32, 12,33, 12,33, 12,33, 12,33, 12,32, 12,33, 12,33, 12,33, 12,33, 11,11, 12,10, 12,11, 12,10, 12,11, 11,11, 12,10, 12,11, 11,34, 12,32, 12,33, 12,33, 12,33, 11};  // Protocol=NEC Address=0x0 Command=0x7 Raw-Data=0xF807FF00 32 bits LSB first

Result as microseconds array - compensated with MARK_EXCESS_MICROS=20
uint16_t rawData[67] = {8930,4420, 630,520, 580,520, 580,570, 580,520, 580,520, 630,520, 580,520, 580,570, 530,1670, 630,1620, 580,1670, 580,1670, 580,1670, 580,1670, 580,1620, 580,1670, 580,1670, 580,1670, 580,1670, 530,570, 580,520, 580,570, 580,520, 580,570, 530,570, 580,520, 580,570, 530,1720, 580,1620, 580,1670, 580,1670, 580,1670, 530};  // Protocol=NEC Address=0x0 Command=0x7 Raw-Data=0xF807FF00 32 bits LSB first

uint16_t address = 0x0;
uint16_t command = 0x7;
uint32_t rawData = 0xF807FF00;

Pronto Hex as string
char prontoData[] = "0000 006D 0022 0000 0159 00A8 001A 0012 0018 0012 0018 0014 0018 0012 0018 0012 001A 0012 0018 0012 0018 0014 0016 003F 001A 003D 0018 003F 0018 003F 0018 003F 0018 003F 0018 003D 0018 003F 0018 003F 0018 003F 0018 003F 0016 0014 0018 0012 0018 0014 0018 0012 0018 0014 0016 0014 0018 0012 0018 0014 0016 0041 0018 003D 0018 003F 0018 003F 0018 003F 0016 06C3 ";