Protocol=NEC Address=0x0 Command=0x18 Raw-Data=0xE718FF00 32 bits LSB first

Send with: IrSender.sendNEC(0x0, 0x18, <numberOfRepeats>);

Raw result in internal ticks (50 us) - with leading gap
rawData[68]: 
 -65535
 +179,-89
 +11,-11 +11,-11 +12,-11 +11,-11
 +12,-11 +11,-11 +12,-11 +11,-11
 +11,-34 +11,-34 +11,-33 +12,-34
 +11,-33 +11,-34 +11,-34 +11,-34
 +11,-11 +11,-11 +12,-11 +11,-34
 +11,-33 +12,-11 +11,-12 +11,-11
 +11,-34 +11,-34 +11,-33 +11,-12
 +11,-11 +11,-34 +11,-34 +11,-34
 +11
Sum: 1355
Raw result in microseconds - with leading gap
rawData[68]: 
 -3276750
 +8950,-4450
 + 550,- 550 + 550,- 550 + 600,- 550 + 550,- 550
 + 600,- 550 + 550,- 550 + 600,- 550 + 550,- 550
 + 550,-1700 + 550,-1700 + 550,-1650 + 600,-1700
 + 550,-1650 + 550,-1700 + 550,-1700 + 550,-1700
 + 550,- 550 + 550,- 550 + 600,- 550 + 550,-1700
 + 550,-1650 + 600,- 550 + 550,- 600 + 550,- 550
 + 550,-1700 + 550,-1700 + 550,-1650 + 550,- 600
 + 550,- 550 + 550,-1700 + 550,-1700 + 550,-1700
 + 550
Sum: 67750

Result as internal 8bit ticks (50 us) array - compensated with MARK_EXCESS_MICROS=20
uint8_t rawTicks[67] = {179,89, 11,11, 11,11, 12,11, 11,11, 12,11, 11,11, 12,11, 11,11, 11,34, 11,34, 11,33, 12,34, 11,33, 11,34, 11,34, 11,34, 11,11, 11,11, 12,11, 11,34, 11,33, 12,11, 11,12, 11,11, 11,34, 11,34, 11,33, 11,12, 11,11, 11,34, 11,34, 11,34, 11};  // Protocol=NEC Address=0x0 Command=0x18 Raw-Data=0xE718FF00 32 bits LSB first

Result as microseconds array - compensated with MARK_EXCESS_MICROS=20
uint16_t rawData[67] = {8930,4470, 530,570, 530,570, 580,570, 530,570, 580,570, 530,570, 580,570, 530,570, 530,1720, 530,1720, 530,1670, 580,1720, 530,1670, 530,1720, 530,1720, 530,1720, 530,570, 530,570, 580,570, 530,1720, 530,1670, 580,570, 530,620, 530,570, 530,1720, 530,1720, 530,1670, 530,620, 530,570, 530,1720, 530,1720, 530,1720, 530};  // Protocol=NEC Address=0x0 Command=0x18 Raw-Data=0xE718FF00 32 bits LSB first

uint16_t address = 0x0;
uint16_t command = 0x18;
uint32_t rawData = 0xE718FF00;

Pronto Hex as string
char prontoData[] = "0000 006D 0022 0000 0159 00AA 0016 0014 0016 0014 0018 0014 0016 0014 0018 0014 0016 0014 0018 0014 0016 0014 0016 0041 0016 0041 0016 003F 0018 0041 0016 003F 0016 0041 0016 0041 0016 0041 0016 0014 0016 0014 0018 0014 0016 0041 0016 003F 0018 0014 0016 0016 0016 0014 0016 0041 0016 0041 0016 003F 0016 0016 0016 0014 0016 0041 0016 0041 0016 0041 0016 06C3 ";